<?xml version="1.0" encoding="UTF-8" standalone="yes"?><!DOCTYPE report PUBLIC "-//JACOCO//DTD Report 1.0//EN" "report.dtd"><report name="JMXProxy"><sessioninfo id="testing-worker-linux-docker-8f873077-3380-linux-3-209ba96" start="1467927096569" dump="1467927155971"/><sessioninfo id="testing-worker-linux-docker-8f873077-3380-linux-3-dd9ac6c0" start="1467927156601" dump="1467927165113"/><sessioninfo id="testing-worker-linux-docker-8f873077-3380-linux-3-ae11002b" start="1467927165706" dump="1467927166908"/><sessioninfo id="testing-worker-linux-docker-8f873077-3380-linux-3-804d1b08" start="1467927167457" dump="1467927177123"/><sessioninfo id="testing-worker-linux-docker-8f873077-3380-linux-3-5e9caac7" start="1467927177675" dump="1467927183987"/><sessioninfo id="testing-worker-linux-docker-8f873077-3380-linux-3-6c79fd6c" start="1467927184571" dump="1467927187770"/><sessioninfo id="testing-worker-linux-docker-8f873077-3380-linux-3-112942df" start="1467927188343" dump="1467927189513"/><sessioninfo id="testing-worker-linux-docker-8f873077-3380-linux-3-10370442" start="1467927190167" dump="1467927259753"/><sessioninfo id="testing-worker-linux-docker-8f873077-3380-linux-3-946cbfd1" start="1467927260328" dump="1467927266846"/><sessioninfo id="testing-worker-linux-docker-8f873077-3380-linux-3-7eabff98" start="1467927267419" dump="1467927268173"/><sessioninfo id="testing-worker-linux-docker-8f873077-3380-linux-3-18aa4e66" start="1467927268753" dump="1467927277929"/><sessioninfo id="testing-worker-linux-docker-8f873077-3380-linux-3-a194d3d0" start="1467927278480" dump="1467927283696"/><sessioninfo id="testing-worker-linux-docker-8f873077-3380-linux-3-c1260060" start="1467927284259" dump="1467927286645"/><sessioninfo id="testing-worker-linux-docker-8f873077-3380-linux-3-960ea4e8" start="1467927287198" dump="1467927288194"/></report>